[INFO ] [2017-12-05 15:54:48.319] [org.springframework.boot.StartupInfoLogger#logStarting:48] :Starting MqDemoApplication on DELL-PC with PID 11744 (E:\code\demo\mq-demo\target\classes started by zq in E:\code\demo\mq-demo)
[INFO ] [2017-12-05 15:54:48.327] [org.springframework.boot.SpringApplication#logStartupProfileInfo:593] :No active profile set, falling back to default profiles: default
[INFO ] [2017-12-05 15:54:48.366] [org.springframework.context.support.AbstractApplicationContext#prepareRefresh:583] :Refreshing org.springframework.boot.context.embedded.AnnotationConfigEmbeddedWebApplicationContext@d41f816: startup date [Tue Dec 05 15:54:48 CST 2017]; root of context hierarchy
[INFO ] [2017-12-05 15:54:48.452] [org.hibernate.validator.internal.util.Version#<clinit>:30] :HV000001: Hibernate Validator 5.3.5.Final
[INFO ] [2017-12-05 15:54:49.102] [org.springframework.context.support.PostProcessorRegistrationDelegate$BeanPostProcessorChecker#postProcessAfterInitialization:327] :Bean 'org.springframework.amqp.rabbit.annotation.RabbitBootstrapConfiguration' of type [org.springframework.amqp.rabbit.annotation.RabbitBootstrapConfiguration$$EnhancerBySpringCGLIB$$1196d632] is not eligible for getting processed by all BeanPostProcessors (for example: not eligible for auto-proxying)
[INFO ] [2017-12-05 15:54:49.553] [org.springframework.boot.context.embedded.tomcat.TomcatEmbeddedServletContainer#initialize:89] :Tomcat initialized with port(s): 8080 (http)
[INFO ] [2017-12-05 15:54:49.573] [org.apache.juli.logging.DirectJDKLog#log:179] :Starting service [Tomcat]
[INFO ] [2017-12-05 15:54:49.574] [org.apache.juli.logging.DirectJDKLog#log:179] :Starting Servlet Engine: Apache Tomcat/8.5.23
[INFO ] [2017-12-05 15:54:49.648] [org.apache.juli.logging.DirectJDKLog#log:179] :Initializing Spring embedded WebApplicationContext
[INFO ] [2017-12-05 15:54:49.648] [org.springframework.boot.context.embedded.EmbeddedWebApplicationContext#prepareEmbeddedWebApplicationContext:276] :Root WebApplicationContext: initialization completed in 1282 ms
[INFO ] [2017-12-05 15:54:49.830] [org.springframework.boot.web.servlet.ServletRegistrationBean#onStartup:190] :Mapping servlet: 'dispatcherServlet' to [/]
[INFO ] [2017-12-05 15:54:49.832] [org.springframework.boot.web.servlet.ServletRegistrationBean#onStartup:190] :Mapping servlet: 'statViewServlet' to [/druid/*]
[INFO ] [2017-12-05 15:54:49.834] [org.springframework.boot.web.servlet.AbstractFilterRegistrationBean#configure:258] :Mapping filter: 'characterEncodingFilter' to: [/*]
[INFO ] [2017-12-05 15:54:49.834] [org.springframework.boot.web.servlet.AbstractFilterRegistrationBean#configure:258] :Mapping filter: 'hiddenHttpMethodFilter' to: [/*]
[INFO ] [2017-12-05 15:54:49.835] [org.springframework.boot.web.servlet.AbstractFilterRegistrationBean#configure:258] :Mapping filter: 'httpPutFormContentFilter' to: [/*]
[INFO ] [2017-12-05 15:54:49.835] [org.springframework.boot.web.servlet.AbstractFilterRegistrationBean#configure:258] :Mapping filter: 'requestContextFilter' to: [/*]
[INFO ] [2017-12-05 15:54:49.835] [org.springframework.boot.web.servlet.AbstractFilterRegistrationBean#configure:271] :Mapping filter: 'webStatFilter' to urls: [/*]
[INFO ] [2017-12-05 15:54:50.502] [com.lab.mq.mqdemo.listener.MessageListener#<init>:22] :listener init...
[INFO ] [2017-12-05 15:54:50.877] [org.springframework.web.servlet.mvc.method.annotation.RequestMappingHandlerAdapter#initControllerAdviceCache:534] :Looking for @ControllerAdvice: org.springframework.boot.context.embedded.AnnotationConfigEmbeddedWebApplicationContext@d41f816: startup date [Tue Dec 05 15:54:48 CST 2017]; root of context hierarchy
[INFO ] [2017-12-05 15:54:50.947] [org.springframework.web.servlet.handler.AbstractHandlerMethodMapping$MappingRegistry#register:543] :Mapped "{[/error]}" onto public org.springframework.http.ResponseEntity<java.util.Map<java.lang.String, java.lang.Object>> org.springframework.boot.autoconfigure.web.BasicErrorController.error(javax.servlet.http.HttpServletRequest)
[INFO ] [2017-12-05 15:54:50.948] [org.springframework.web.servlet.handler.AbstractHandlerMethodMapping$MappingRegistry#register:543] :Mapped "{[/error],produces=[text/html]}" onto public org.springframework.web.servlet.ModelAndView org.springframework.boot.autoconfigure.web.BasicErrorController.errorHtml(javax.servlet.http.HttpServletRequest,javax.servlet.http.HttpServletResponse)
[INFO ] [2017-12-05 15:54:50.997] [org.springframework.web.servlet.handler.AbstractUrlHandlerMapping#registerHandler:362] :Mapped URL path [/webjars/**] onto handler of type [class org.springframework.web.servlet.resource.ResourceHttpRequestHandler]
[INFO ] [2017-12-05 15:54:50.997] [org.springframework.web.servlet.handler.AbstractUrlHandlerMapping#registerHandler:362] :Mapped URL path [/**] onto handler of type [class org.springframework.web.servlet.resource.ResourceHttpRequestHandler]
[INFO ] [2017-12-05 15:54:51.044] [org.springframework.web.servlet.handler.AbstractUrlHandlerMapping#registerHandler:362] :Mapped URL path [/**/favicon.ico] onto handler of type [class org.springframework.web.servlet.resource.ResourceHttpRequestHandler]
[INFO ] [2017-12-05 15:54:51.400] [org.springframework.jmx.export.MBeanExporter#afterSingletonsInstantiated:431] :Registering beans for JMX exposure on startup
[INFO ] [2017-12-05 15:54:51.402] [org.springframework.jmx.export.MBeanExporter#autodetect:916] :Bean with name 'statFilter' has been autodetected for JMX exposure
[INFO ] [2017-12-05 15:54:51.402] [org.springframework.jmx.export.MBeanExporter#autodetect:916] :Bean with name 'dataSource' has been autodetected for JMX exposure
[INFO ] [2017-12-05 15:54:51.408] [org.springframework.jmx.export.MBeanExporter#autodetect:916] :Bean with name 'rabbitConnectionFactory' has been autodetected for JMX exposure
[INFO ] [2017-12-05 15:54:51.410] [org.springframework.jmx.export.MBeanExporter#registerBeanInstance:671] :Located MBean 'dataSource': registering with JMX server as MBean [com.alibaba.druid.spring.boot.autoconfigure:name=dataSource,type=DruidDataSourceWrapper]
[INFO ] [2017-12-05 15:54:51.412] [org.springframework.jmx.export.MBeanExporter#registerBeanInstance:678] :Located managed bean 'rabbitConnectionFactory': registering with JMX server as MBean [org.springframework.amqp.rabbit.connection:name=rabbitConnectionFactory,type=CachingConnectionFactory]
[INFO ] [2017-12-05 15:54:51.426] [org.springframework.jmx.export.MBeanExporter#registerBeanInstance:671] :Located MBean 'statFilter': registering with JMX server as MBean [com.alibaba.druid.filter.stat:name=statFilter,type=StatFilter]
[INFO ] [2017-12-05 15:54:51.430] [org.springframework.context.support.DefaultLifecycleProcessor$LifecycleGroup#start:343] :Starting beans in phase 2147483647
[INFO ] [2017-12-05 15:54:51.459] [org.springframework.amqp.rabbit.connection.AbstractConnectionFactory#createBareConnection:360] :Created new connection: rabbitConnectionFactory#68521c42:0/SimpleConnection@72e9d8d [delegate=amqp://guest@192.168.18.109:5672/, localPort= 57234]
[INFO ] [2017-12-05 15:54:51.462] [org.springframework.amqp.rabbit.core.RabbitAdmin#initialize:481] :Auto-declaring a non-durable or auto-delete Exchange (animal) durable:true, auto-delete:true. It will be deleted by the broker if it shuts down, and can be redeclared by closing and reopening the connection.
[INFO ] [2017-12-05 15:54:51.462] [org.springframework.amqp.rabbit.core.RabbitAdmin#initialize:481] :Auto-declaring a non-durable or auto-delete Exchange (user) durable:true, auto-delete:true. It will be deleted by the broker if it shuts down, and can be redeclared by closing and reopening the connection.
[INFO ] [2017-12-05 15:54:51.769] [org.apache.juli.logging.DirectJDKLog#log:179] :Initializing ProtocolHandler ["http-nio-8080"]
[INFO ] [2017-12-05 15:54:51.781] [org.apache.juli.logging.DirectJDKLog#log:179] :Starting ProtocolHandler ["http-nio-8080"]
[INFO ] [2017-12-05 15:54:51.790] [org.apache.juli.logging.DirectJDKLog#log:179] :Using a shared selector for servlet write/read
[INFO ] [2017-12-05 15:54:51.804] [org.springframework.boot.context.embedded.tomcat.TomcatEmbeddedServletContainer#start:201] :Tomcat started on port(s): 8080 (http)
[INFO ] [2017-12-05 15:54:51.864] [com.alibaba.druid.pool.DruidDataSource#init:932] :{dataSource-1} inited
